Arguments: 
  /Users/alexgordon/.nvm/versions/node/v15.3.0/bin/node /Users/alexgordon/.nvm/versions/node/v15.3.0/bin/yarn add objectstocsv

PATH: 
  /Library/Frameworks/Python.framework/Versions/3.7/bin:/Library/Frameworks/Python.framework/Versions/3.9/bin:/Library/Frameworks/Python.framework/Versions/3.9/bin:/Users/alexgordon/.nvm/versions/node/v15.3.0/bin:/usr/local/bin:/usr/bin:/bin:/usr/sbin:/sbin:/Library/Frameworks/Mono.framework/Versions/Current/Commands:/Library/Frameworks/Python.framework/Versions/3.7/bin:/Library/Frameworks/Python.framework/Versions/3.9/bin:/Users/alexgordon/.nvm/versions/node/v15.3.0/bin

Yarn version: 
  1.22.10

Node version: 
  15.3.0

Platform: 
  darwin x64

Trace: 
  Error: https://registry.yarnpkg.com/objectstocsv: Not found
      at Request.params.callback [as _callback] (/Users/alexgordon/.nvm/versions/node/v15.3.0/lib/node_modules/yarn/lib/cli.js:66988:18)
      at Request.self.callback (/Users/alexgordon/.nvm/versions/node/v15.3.0/lib/node_modules/yarn/lib/cli.js:140662:22)
      at Request.emit (node:events:376:20)
      at Request.<anonymous> (/Users/alexgordon/.nvm/versions/node/v15.3.0/lib/node_modules/yarn/lib/cli.js:141634:10)
      at Request.emit (node:events:376:20)
      at IncomingMessage.<anonymous> (/Users/alexgordon/.nvm/versions/node/v15.3.0/lib/node_modules/yarn/lib/cli.js:141556:12)
      at Object.onceWrapper (node:events:482:28)
      at IncomingMessage.emit (node:events:388:22)
      at endReadableNT (node:internal/streams/readable:1294:12)
      at processTicksAndRejections (node:internal/process/task_queues:80:21)

npm manifest: 
  {
    "name": "trainings",
    "version": "1.0.0",
    "main": "index.js",
    "license": "MIT",
    "dependencies": {
      "object-to-csv": "^1.0.5"
    }
  }

yarn manifest: 
  No manifest

Lockfile: 
  # THIS IS AN AUTOGENERATED FILE. DO NOT EDIT THIS FILE DIRECTLY.
  # yarn lockfile v1
  
  
  object-to-csv@^1.0.5:
    version "1.0.5"
    resolved "https://registry.yarnpkg.com/object-to-csv/-/object-to-csv-1.0.5.tgz#641ceb4d69c158ff056444eb4c98c5a61e326ac0"
    integrity sha512-hrgz/vT0R1NnkuFxVPNX8VRayMl/F1K4idFF39AGw5r39pMM1Mz2cASgftLPpL4a46EORyEUIBRlczSWIFK0ug==
